Build started 16-11-2011 18:01:02.
     1>Project "E:\Prova1\Prova\Prova.vcxproj" on node 2 (build target(s)).
     1>InitializeBuildStatus:
         Creating "Release\Prova.unsuccessfulbuild" because "AlwaysCreate" was specified.
       ClCompile:
         C:\Program Files (x86)\Microsoft Visual Studio 10.0\VC\bin\CL.exe /c /Zi /nologo /W3 /WX- /O2 /Oi /Oy- /GL /D WIN32 /D NDEBUG /D _CONSOLE /D _UNICODE /D UNICODE /Gm- /EHsc /MD /GS /Gy /fp:precise /Zc:wchar_t /Zc:forScope /Fo"Release\\" /Fd"Release\vc100.pdb" /Gd /TP /analyze- /errorReport:prompt Internet.cpp main.cpp NewDelete.cpp
         Internet.cpp
         main.cpp
     1>main.cpp(19): warning C4101: 'b' : unreferenced local variable
         NewDelete.cpp
     1>NewDelete.cpp(115): warning C4800: 'BOOL' : forcing value to bool 'true' or 'false' (performance warning)
     1>NewDelete.cpp(134): warning C4800: 'BOOL' : forcing value to bool 'true' or 'false' (performance warning)
     1>NewDelete.cpp(291): warning C4018: '>=' : signed/unsigned mismatch
     1>NewDelete.cpp(279): warning C4101: 'system_info' : unreferenced local variable
       Link:
         C:\Program Files (x86)\Microsoft Visual Studio 10.0\VC\bin\link.exe /ERRORREPORT:PROMPT /OUT:"E:\Prova1\Release\Prova.exe" /INCREMENTAL:NO /NOLOGO kernel32.lib user32.lib gdi32.lib winspool.lib comdlg32.lib advapi32.lib shell32.lib ole32.lib oleaut32.lib uuid.lib odbc32.lib odbccp32.lib /MANIFEST /ManifestFile:"Release\Prova.exe.intermediate.manifest" /MANIFESTUAC:"level='asInvoker' uiAccess='false'" /DEBUG /PDB:"E:\Prova1\Release\Prova.pdb" /SUBSYSTEM:CONSOLE /OPT:REF /OPT:ICF /LTCG /TLBID:1 /DYNAMICBASE /NXCOMPAT /IMPLIB:"E:\Prova1\Release\Prova.lib" /MACHINE:X86 Release\Internet.obj
         Release\main.obj
         Release\NewDelete.obj
         Generating code
         Finished generating code
         Prova.vcxproj -> E:\Prova1\Release\Prova.exe
       Manifest:
         C:\Program Files (x86)\Microsoft SDKs\Windows\v7.0A\bin\mt.exe /nologo /verbose /outputresource:"E:\Prova1\Release\Prova.exe;#1" /manifest Release\Prova.exe.intermediate.manifest
       FinalizeBuildStatus:
         Deleting file "Release\Prova.unsuccessfulbuild".
         Touching "Release\Prova.lastbuildstate".
     1>Done Building Project "E:\Prova1\Prova\Prova.vcxproj" (build target(s)).

Build succeeded.

Time Elapsed 00:00:18.65
