C:\DOCUMENTS AND SETTINGS\TGEI\DESKTOP\A\TILMANGEISHAUSER\TILMANPROJECT\DEBUG\CAMERA.OBJ
C:\Documents and Settings\tgei\Desktop\a\TilmanGeishauser\TilmanProject\Debug\cl.command.1.tlog
C:\Documents and Settings\tgei\Desktop\a\TilmanGeishauser\TilmanProject\Debug\CL.read.1.tlog
C:\Documents and Settings\tgei\Desktop\a\TilmanGeishauser\TilmanProject\Debug\CL.write.1.tlog
C:\DOCUMENTS AND SETTINGS\TGEI\DESKTOP\A\TILMANGEISHAUSER\TILMANPROJECT\DEBUG\EVENT.OBJ
C:\DOCUMENTS AND SETTINGS\TGEI\DESKTOP\A\TILMANGEISHAUSER\TILMANPROJECT\DEBUG\EVENTHANDLER.OBJ
C:\DOCUMENTS AND SETTINGS\TGEI\DESKTOP\A\TILMANGEISHAUSER\TILMANPROJECT\DEBUG\GAMELOOP.OBJ
C:\DOCUMENTS AND SETTINGS\TGEI\DESKTOP\A\TILMANGEISHAUSER\TILMANPROJECT\DEBUG\INPUTMANAGER.OBJ
C:\DOCUMENTS AND SETTINGS\TGEI\DESKTOP\A\TILMANGEISHAUSER\TILMANPROJECT\DEBUG\LIGHT.OBJ
C:\Documents and Settings\tgei\Desktop\a\TilmanGeishauser\TilmanProject\Debug\link.command.1.tlog
C:\Documents and Settings\tgei\Desktop\a\TilmanGeishauser\TilmanProject\Debug\link.read.1.tlog
C:\Documents and Settings\tgei\Desktop\a\TilmanGeishauser\TilmanProject\Debug\link.write.1.tlog
C:\DOCUMENTS AND SETTINGS\TGEI\DESKTOP\A\TILMANGEISHAUSER\TILMANPROJECT\DEBUG\MAIN.OBJ
C:\DOCUMENTS AND SETTINGS\TGEI\DESKTOP\A\TILMANGEISHAUSER\TILMANPROJECT\DEBUG\MATH.OBJ
C:\DOCUMENTS AND SETTINGS\TGEI\DESKTOP\A\TILMANGEISHAUSER\TILMANPROJECT\DEBUG\MATRIX3.OBJ
C:\DOCUMENTS AND SETTINGS\TGEI\DESKTOP\A\TILMANGEISHAUSER\TILMANPROJECT\DEBUG\MATRIX4.OBJ
C:\DOCUMENTS AND SETTINGS\TGEI\DESKTOP\A\TILMANGEISHAUSER\TILMANPROJECT\DEBUG\MESH.OBJ
C:\Documents and Settings\tgei\Desktop\a\TilmanGeishauser\TilmanProject\Debug\mt.command.1.tlog
C:\Documents and Settings\tgei\Desktop\a\TilmanGeishauser\TilmanProject\Debug\mt.read.1.tlog
C:\Documents and Settings\tgei\Desktop\a\TilmanGeishauser\TilmanProject\Debug\mt.write.1.tlog
C:\Documents and Settings\tgei\Desktop\a\TilmanGeishauser\TilmanProject\Debug\Project01.exe.intermediate.manifest
C:\DOCUMENTS AND SETTINGS\TGEI\DESKTOP\A\TILMANGEISHAUSER\TILMANPROJECT\DEBUG\QUATERNION.OBJ
C:\DOCUMENTS AND SETTINGS\TGEI\DESKTOP\A\TILMANGEISHAUSER\TILMANPROJECT\DEBUG\ROOTTRANSFORMNODE.OBJ
C:\DOCUMENTS AND SETTINGS\TGEI\DESKTOP\A\TILMANGEISHAUSER\TILMANPROJECT\DEBUG\SCENEMANAGER.OBJ
C:\DOCUMENTS AND SETTINGS\TGEI\DESKTOP\A\TILMANGEISHAUSER\TILMANPROJECT\DEBUG\TRANSFORMNODE.OBJ
C:\DOCUMENTS AND SETTINGS\TGEI\DESKTOP\A\TILMANGEISHAUSER\TILMANPROJECT\DEBUG\TRIANGLE.OBJ
C:\DOCUMENTS AND SETTINGS\TGEI\DESKTOP\A\TILMANGEISHAUSER\TILMANPROJECT\DEBUG\UPDATABLELISTENER.OBJ
C:\Documents and Settings\tgei\Desktop\a\TilmanGeishauser\TilmanProject\Debug\vc100.idb
C:\DOCUMENTS AND SETTINGS\TGEI\DESKTOP\A\TILMANGEISHAUSER\TILMANPROJECT\DEBUG\VC100.PDB
C:\DOCUMENTS AND SETTINGS\TGEI\DESKTOP\A\TILMANGEISHAUSER\TILMANPROJECT\DEBUG\VECTOR2.OBJ
C:\DOCUMENTS AND SETTINGS\TGEI\DESKTOP\A\TILMANGEISHAUSER\TILMANPROJECT\DEBUG\VECTOR3.OBJ
C:\DOCUMENTS AND SETTINGS\TGEI\DESKTOP\A\TILMANGEISHAUSER\TILMANPROJECT\DEBUG\VECTOR4.OBJ
U:\TGEI\FTMM-GAME-ENGINE\FTMM-GAME-ENGINE\DEBUG\PROJECT01.EXE
U:\TGEI\FTMM-GAME-ENGINE\FTMM-GAME-ENGINE\DEBUG\PROJECT01.ILK
U:\TGEI\FTMM-GAME-ENGINE\FTMM-GAME-ENGINE\DEBUG\PROJECT01.PDB
U:\TGEI\FTMM-GAME-ENGINE\FTMM-GAME-ENGINE\PROJECT01\DEBUG\CAMERA.OBJ
U:\TGEI\FTMM-GAME-ENGINE\FTMM-GAME-ENGINE\PROJECT01\DEBUG\EVENT.OBJ
U:\TGEI\FTMM-GAME-ENGINE\FTMM-GAME-ENGINE\PROJECT01\DEBUG\EVENTHANDLER.OBJ
U:\TGEI\FTMM-GAME-ENGINE\FTMM-GAME-ENGINE\PROJECT01\DEBUG\GAMELOOP.OBJ
U:\TGEI\FTMM-GAME-ENGINE\FTMM-GAME-ENGINE\PROJECT01\DEBUG\INPUTMANAGER.OBJ
U:\TGEI\FTMM-GAME-ENGINE\FTMM-GAME-ENGINE\PROJECT01\DEBUG\LIGHT.OBJ
U:\TGEI\FTMM-GAME-ENGINE\FTMM-GAME-ENGINE\PROJECT01\DEBUG\MAIN.OBJ
U:\TGEI\FTMM-GAME-ENGINE\FTMM-GAME-ENGINE\PROJECT01\DEBUG\MATH.OBJ
U:\TGEI\FTMM-GAME-ENGINE\FTMM-GAME-ENGINE\PROJECT01\DEBUG\MATRIX3.OBJ
U:\TGEI\FTMM-GAME-ENGINE\FTMM-GAME-ENGINE\PROJECT01\DEBUG\MATRIX4.OBJ
U:\TGEI\FTMM-GAME-ENGINE\FTMM-GAME-ENGINE\PROJECT01\DEBUG\MESH.OBJ
U:\TGEI\FTMM-GAME-ENGINE\FTMM-GAME-ENGINE\PROJECT01\DEBUG\PROJECT01.EXE.INTERMEDIATE.MANIFEST
U:\TGEI\FTMM-GAME-ENGINE\FTMM-GAME-ENGINE\PROJECT01\DEBUG\QUATERNION.OBJ
U:\TGEI\FTMM-GAME-ENGINE\FTMM-GAME-ENGINE\PROJECT01\DEBUG\ROOTTRANSFORMNODE.OBJ
U:\TGEI\FTMM-GAME-ENGINE\FTMM-GAME-ENGINE\PROJECT01\DEBUG\SCENEMANAGER.OBJ
U:\TGEI\FTMM-GAME-ENGINE\FTMM-GAME-ENGINE\PROJECT01\DEBUG\TRANSFORMNODE.OBJ
U:\TGEI\FTMM-GAME-ENGINE\FTMM-GAME-ENGINE\PROJECT01\DEBUG\TRIANGLE.OBJ
U:\TGEI\FTMM-GAME-ENGINE\FTMM-GAME-ENGINE\PROJECT01\DEBUG\UPDATABLELISTENER.OBJ
U:\TGEI\FTMM-GAME-ENGINE\FTMM-GAME-ENGINE\PROJECT01\DEBUG\VC100.PDB
U:\TGEI\FTMM-GAME-ENGINE\FTMM-GAME-ENGINE\PROJECT01\DEBUG\VECTOR2.OBJ
U:\TGEI\FTMM-GAME-ENGINE\FTMM-GAME-ENGINE\PROJECT01\DEBUG\VECTOR3.OBJ
U:\TGEI\FTMM-GAME-ENGINE\FTMM-GAME-ENGINE\PROJECT01\DEBUG\VECTOR4.OBJ
