Build started 24-11-2011 21:02:34.
     1>Project "C:\Documents and Settings\merm\Desktop\Prova1\Prova\Prova.vcxproj" on node 2 (build target(s)).
     1>InitializeBuildStatus:
         Creating "Debug\Prova.unsuccessfulbuild" because "AlwaysCreate" was specified.
       ClCompile:
         C:\Program Files\Microsoft Visual Studio 10.0\VC\bin\CL.exe /c /ZI /nologo /W3 /WX- /Od /Oy- /D WIN32 /D _DEBUG /D _CONSOLE /D _UNICODE /D UNICODE /Gm /EHsc /RTC1 /MDd /GS /fp:precise /Zc:wchar_t /Zc:forScope /Fo"Debug\\" /Fd"Debug\vc100.pdb" /Gd /TP /analyze- /errorReport:prompt MemoryManagement.cpp
         MemoryManagement.cpp
     1>c:\documents and settings\merm\desktop\prova1\prova\memorymanagement.cpp(184): warning C4018: '>' : signed/unsigned mismatch
       ManifestResourceCompile:
         All outputs are up-to-date.
       Link:
         C:\Program Files\Microsoft Visual Studio 10.0\VC\bin\link.exe /ERRORREPORT:PROMPT /OUT:"C:\Documents and Settings\merm\Desktop\Prova1\Debug\Prova.exe" /INCREMENTAL /NOLOGO kernel32.lib user32.lib gdi32.lib winspool.lib comdlg32.lib advapi32.lib shell32.lib ole32.lib oleaut32.lib uuid.lib odbc32.lib odbccp32.lib /MANIFEST /ManifestFile:"Debug\Prova.exe.intermediate.manifest" /MANIFESTUAC:"level='asInvoker' uiAccess='false'" /DEBUG /PDB:"C:\Documents and Settings\merm\Desktop\Prova1\Debug\Prova.pdb" /SUBSYSTEM:CONSOLE /TLBID:1 /DYNAMICBASE /NXCOMPAT /IMPLIB:"C:\Documents and Settings\merm\Desktop\Prova1\Debug\Prova.lib" /MACHINE:X86 Debug\Prova.exe.embed.manifest.res
         Debug\Internet.obj
         Debug\main.obj
         Debug\MemoryManagement.obj
       Manifest:
         C:\Program Files\Microsoft SDKs\Windows\v7.0A\bin\mt.exe /nologo /verbose /out:"Debug\Prova.exe.embed.manifest" /manifest Debug\Prova.exe.intermediate.manifest
         All outputs are up-to-date.
       LinkEmbedManifest:
         All outputs are up-to-date.
         Prova.vcxproj -> C:\Documents and Settings\merm\Desktop\Prova1\Debug\Prova.exe
       FinalizeBuildStatus:
         Deleting file "Debug\Prova.unsuccessfulbuild".
         Touching "Debug\Prova.lastbuildstate".
     1>Done Building Project "C:\Documents and Settings\merm\Desktop\Prova1\Prova\Prova.vcxproj" (build target(s)).

Build succeeded.

Time Elapsed 00:00:02.35
