Build started 25-10-2011 13:21:51.
     1>Project "C:\Documents and Settings\tgei\Desktop\blub\ftmm-game-engine\Project01\Project01.vcxproj" on node 2 (build target(s)).
     1>InitializeBuildStatus:
         Creating "Debug\Project01.unsuccessfulbuild" because "AlwaysCreate" was specified.
       ClCompile:
         C:\Program Files\Microsoft Visual Studio 10.0\VC\bin\CL.exe /c /I"..\Project01\SDL-1.2.14\include" /ZI /nologo /W3 /WX- /Od /Oy- /D _MBCS /Gm /EHsc /RTC1 /MD /GS /fp:precise /Zc:wchar_t /Zc:forScope /Fo"Debug\\" /Fd"Debug\vc100.pdb" /Gd /TP /analyze- /errorReport:prompt InputManager.cpp main.cpp
         main.cpp
     1>c:\documents and settings\tgei\desktop\blub\ftmm-game-engine\project01\cameramovementinputword.h(35): warning C4244: 'argument' : conversion from 'int' to 'float', possible loss of data
     1>c:\documents and settings\tgei\desktop\blub\ftmm-game-engine\project01\cameramovementinputword.h(35): warning C4244: 'argument' : conversion from 'int' to 'float', possible loss of data
     1>c:\documents and settings\tgei\desktop\blub\ftmm-game-engine\project01\main.cpp(164): warning C4305: 'argument' : truncation from 'double' to 'float'
     1>c:\documents and settings\tgei\desktop\blub\ftmm-game-engine\project01\main.cpp(165): warning C4305: 'argument' : truncation from 'double' to 'float'
     1>c:\documents and settings\tgei\desktop\blub\ftmm-game-engine\project01\main.cpp(166): warning C4305: 'argument' : truncation from 'double' to 'float'
     1>c:\documents and settings\tgei\desktop\blub\ftmm-game-engine\project01\main.cpp(167): warning C4305: 'argument' : truncation from 'double' to 'float'
     1>c:\documents and settings\tgei\desktop\blub\ftmm-game-engine\project01\main.cpp(280): warning C4305: 'argument' : truncation from 'double' to 'float'
     1>c:\documents and settings\tgei\desktop\blub\ftmm-game-engine\project01\main.cpp(286): warning C4305: 'argument' : truncation from 'double' to 'float'
     1>c:\documents and settings\tgei\desktop\blub\ftmm-game-engine\project01\main.cpp(291): warning C4305: 'argument' : truncation from 'double' to 'float'
     1>c:\documents and settings\tgei\desktop\blub\ftmm-game-engine\project01\main.cpp(297): warning C4305: 'argument' : truncation from 'double' to 'float'
     1>c:\documents and settings\tgei\desktop\blub\ftmm-game-engine\project01\main.cpp(302): warning C4305: 'argument' : truncation from 'double' to 'float'
     1>c:\documents and settings\tgei\desktop\blub\ftmm-game-engine\project01\main.cpp(308): warning C4305: 'argument' : truncation from 'double' to 'float'
     1>c:\documents and settings\tgei\desktop\blub\ftmm-game-engine\project01\main.cpp(313): warning C4305: 'argument' : truncation from 'double' to 'float'
     1>c:\documents and settings\tgei\desktop\blub\ftmm-game-engine\project01\main.cpp(319): warning C4305: 'argument' : truncation from 'double' to 'float'
     1>c:\documents and settings\tgei\desktop\blub\ftmm-game-engine\project01\main.cpp(330): warning C4305: 'argument' : truncation from 'double' to 'float'
     1>c:\documents and settings\tgei\desktop\blub\ftmm-game-engine\project01\main.cpp(331): warning C4305: 'argument' : truncation from 'double' to 'float'
     1>c:\documents and settings\tgei\desktop\blub\ftmm-game-engine\project01\main.cpp(337): warning C4305: 'argument' : truncation from 'double' to 'float'
     1>c:\documents and settings\tgei\desktop\blub\ftmm-game-engine\project01\main.cpp(376): warning C4101: 'event' : unreferenced local variable
         InputManager.cpp
     1>c:\documents and settings\tgei\desktop\blub\ftmm-game-engine\project01\cameramovementinputword.h(35): warning C4244: 'argument' : conversion from 'int' to 'float', possible loss of data
     1>c:\documents and settings\tgei\desktop\blub\ftmm-game-engine\project01\cameramovementinputword.h(35): warning C4244: 'argument' : conversion from 'int' to 'float', possible loss of data
         Generating Code...
     1>c:\documents and settings\tgei\desktop\blub\ftmm-game-engine\project01\inputmanager.cpp(198): warning C4715: 'InputManager::handle_input' : not all control paths return a value
     1>c:\documents and settings\tgei\desktop\blub\ftmm-game-engine\project01\main.cpp(516): warning C4715: 'SDL_main' : not all control paths return a value
       Link:
         C:\Program Files\Microsoft Visual Studio 10.0\VC\bin\link.exe /ERRORREPORT:PROMPT /OUT:"C:\Documents and Settings\tgei\Desktop\blub\ftmm-game-engine\Debug\Project01.exe" /NOLOGO /LIBPATH:"..\Project01\SDL-1.2.14\lib" SDL.lib SDLmain.lib opengl32.lib glu32.lib sdl.lib sdlmain.lib kernel32.lib user32.lib gdi32.lib winspool.lib comdlg32.lib advapi32.lib shell32.lib ole32.lib oleaut32.lib uuid.lib odbc32.lib odbccp32.lib /MANIFEST /ManifestFile:"Debug\Project01.exe.intermediate.manifest" /MANIFESTUAC:"level='asInvoker' uiAccess='false'" /DEBUG /PDB:"C:\Documents and Settings\tgei\Desktop\blub\ftmm-game-engine\Debug\Project01.pdb" /SUBSYSTEM:CONSOLE /TLBID:1 /DYNAMICBASE /NXCOMPAT /IMPLIB:"C:\Documents and Settings\tgei\Desktop\blub\ftmm-game-engine\Debug\Project01.lib" /MACHINE:X86 Debug\Camera.obj
         Debug\EventHandler.obj
         Debug\Event.obj
         Debug\GameLoop.obj
         Debug\InputManager.obj
         Debug\Light.obj
         Debug\main.obj
         Debug\Math.obj
         Debug\Matrix3.obj
         Debug\Matrix4.obj
         Debug\Mesh.obj
         Debug\Quaternion.obj
         Debug\RootTransformNode.obj
         Debug\SceneManager.obj
         Debug\TransformNode.obj
         Debug\Triangle.obj
         Debug\UpdatableListener.obj
         Debug\Vector2.obj
         Debug\Vector3.obj
         Debug\Vector4.obj
         LINK : C:\Documents and Settings\tgei\Desktop\blub\ftmm-game-engine\Debug\Project01.exe not found or not built by the last incremental link; performing full link
         Project01.vcxproj -> C:\Documents and Settings\tgei\Desktop\blub\ftmm-game-engine\Debug\Project01.exe
       Manifest:
         C:\Program Files\Microsoft SDKs\Windows\v7.0A\bin\mt.exe /nologo /verbose /outputresource:"C:\Documents and Settings\tgei\Desktop\blub\ftmm-game-engine\Debug\Project01.exe;#1" /manifest Debug\Project01.exe.intermediate.manifest
       FinalizeBuildStatus:
         Deleting file "Debug\Project01.unsuccessfulbuild".
         Touching "Debug\Project01.lastbuildstate".
     1>Done Building Project "C:\Documents and Settings\tgei\Desktop\blub\ftmm-game-engine\Project01\Project01.vcxproj" (build target(s)).

Build succeeded.

Time Elapsed 00:00:02.53
