Build started 08-12-2011 17:07:21.
     1>Project "C:\Documents and Settings\tgei\Desktop\engineee\ftmm-game-engine\MainProject\Project01\Project01.vcxproj" on node 2 (build target(s)).
     1>InitializeBuildStatus:
         Touching "Debug\Project01.unsuccessfulbuild".
       ClCompile:
         C:\Program Files\Microsoft Visual Studio 10.0\VC\bin\CL.exe /c /I"..\Project01\glew-1.7.0\include" /I"..\Project01\assimp--2.0.863-sdk\include" /I"..\Project01\SDL-1.2.14\include" /ZI /nologo /W3 /WX- /Od /Oy- /D _MBCS /Gm /EHsc /RTC1 /MD /GS /fp:precise /Zc:wchar_t /Zc:forScope /Fo"Debug\\" /Fd"Debug\vc100.pdb" /Gd /TP /analyze- /errorReport:prompt TransformNode.cpp
         TransformNode.cpp
         XXXXXXXXXXXXXXXXXXXXXXX Mesh included
         XXXXXXXXXXXXXXXXXXXXXXX Node included
         XXXXXXXXXXXXXXXXXXXXXXX Quaternion included
         XXXXXXXXXXXXXXXXXXXXXXX MovableObject included
         XXXXXXXXXXXXXXXXXXXXXXX TransformNode included
         XXXXXXXXXXXXXXXXXXXXXXX Camera included
         XXXXXXXXXXXXXXXXXXXXXXX RootTransformNode included
         XXXXXXXXXXXXXXXXXXXXXXX SceneManager included
         XXXXXXXXXXXXXXXXXXXXXXX Event included
         XXXXXXXXXXXXXXXXXXXXXXX EventHandler included
         XXXXXXXXXXXXXXXXXXXXXXX IGameState included
         XXXXXXXXXXXXXXXXXXXXXXX GameObject included
         XXXXXXXXXXXXXXXXXXXXXXX IObject3D included
         XXXXXXXXXXXXXXXXXXXXXXX Why is Object3D not included here?
         XXXXXXXXXXXXXXXXXXXXXXX CubeObjectTest included
         XXXXXXXXXXXXXXXXXXXXXXX GamePlay_01 included
     1>c:\documents and settings\tgei\desktop\engineee\ftmm-game-engine\mainproject\project01\transformnode.cpp(220): warning C4172: returning address of local variable or temporary
     1>c:\documents and settings\tgei\desktop\engineee\ftmm-game-engine\mainproject\project01\transformnode.cpp(225): warning C4172: returning address of local variable or temporary
     1>c:\documents and settings\tgei\desktop\engineee\ftmm-game-engine\mainproject\project01\transformnode.cpp(233): warning C4172: returning address of local variable or temporary
       Link:
         C:\Program Files\Microsoft Visual Studio 10.0\VC\bin\link.exe /ERRORREPORT:PROMPT /OUT:"C:\Documents and Settings\tgei\Desktop\engineee\ftmm-game-engine\MainProject\Debug\Project01.exe" /NOLOGO /LIBPATH:"..\Project01\glew-1.7.0\lib" /LIBPATH:"..\Project01\assimp--2.0.863-sdk\lib\assimp_debug-dll_win32" /LIBPATH:"..\Project01\SDL-1.2.14\lib" SDL.lib SDLmain.lib opengl32.lib glu32.lib sdl.lib sdlmain.lib glew32s.lib glew32mxs.lib glew32mx.lib glew32.lib assimp.lib kernel32.lib user32.lib gdi32.lib winspool.lib comdlg32.lib advapi32.lib shell32.lib ole32.lib oleaut32.lib uuid.lib odbc32.lib odbccp32.lib /MANIFEST /ManifestFile:"Debug\Project01.exe.intermediate.manifest" /MANIFESTUAC:"level='asInvoker' uiAccess='false'" /DEBUG /PDB:"C:\Documents and Settings\tgei\Desktop\engineee\ftmm-game-engine\MainProject\Debug\Project01.pdb" /SUBSYSTEM:CONSOLE /TLBID:1 /DYNAMICBASE /NXCOMPAT /IMPLIB:"C:\Documents and Settings\tgei\Desktop\engineee\ftmm-game-engine\MainProject\Debug\Project01.lib" /MACHINE:X86 Debug\Collidable.obj
         Debug\CubeObjectTest.obj
         Debug\A.obj
         Debug\Camera.obj
         Debug\Event.obj
         Debug\EventHandler.obj
         Debug\FrameListener.obj
         Debug\GameLoop.obj
         Debug\GameObject.obj
         Debug\GamePlay_01.obj
         Debug\GamePlay_02.obj
         Debug\GameStateManager.obj
         Debug\GameTime.obj
         Debug\InputManager.obj
         Debug\InputWord.obj
         Debug\Light.obj
         Debug\main.obj
         Debug\Math.obj
         Debug\Matrix3.obj
         Debug\Matrix4.obj
         Debug\Mesh.obj
         Debug\Quaternion.obj
         Debug\RenderManager.obj
         Debug\ResourceManager.obj
         Debug\RootTransformNode.obj
         Debug\SceneManager.obj
         Debug\Root.obj
         Debug\TransformNode.obj
         Debug\Triangle.obj
         Debug\Vector2.obj
         Debug\Vector3.obj
         Debug\Vector4.obj
         LINK : C:\Documents and Settings\tgei\Desktop\engineee\ftmm-game-engine\MainProject\Debug\Project01.exe not found or not built by the last incremental link; performing full link
         Project01.vcxproj -> C:\Documents and Settings\tgei\Desktop\engineee\ftmm-game-engine\MainProject\Debug\Project01.exe
       Manifest:
         C:\Program Files\Microsoft SDKs\Windows\v7.0A\bin\mt.exe /nologo /verbose /outputresource:"C:\Documents and Settings\tgei\Desktop\engineee\ftmm-game-engine\MainProject\Debug\Project01.exe;#1" /manifest Debug\Project01.exe.intermediate.manifest
       FinalizeBuildStatus:
         Deleting file "Debug\Project01.unsuccessfulbuild".
         Touching "Debug\Project01.lastbuildstate".
     1>Done Building Project "C:\Documents and Settings\tgei\Desktop\engineee\ftmm-game-engine\MainProject\Project01\Project01.vcxproj" (build target(s)).

Build succeeded.

Time Elapsed 00:00:05.57
