U:\TGEI\FTMM-GAME-ENGINE\FTMM-GAME-ENGINE\DEBUG\PROJECT01.EXE
U:\TGEI\FTMM-GAME-ENGINE\FTMM-GAME-ENGINE\DEBUG\PROJECT01.ILK
U:\TGEI\FTMM-GAME-ENGINE\FTMM-GAME-ENGINE\DEBUG\PROJECT01.PDB
U:\TGEI\FTMM-GAME-ENGINE\FTMM-GAME-ENGINE\PROJECT01\DEBUG\CAMERA.OBJ
U:\tgei\ftmm-game-engine\ftmm-game-engine\Project01\Debug\cl.command.1.tlog
U:\tgei\ftmm-game-engine\ftmm-game-engine\Project01\Debug\CL.read.1.tlog
U:\tgei\ftmm-game-engine\ftmm-game-engine\Project01\Debug\CL.write.1.tlog
U:\tgei\ftmm-game-engine\ftmm-game-engine\Project01\Debug\CL-vsjitdebugger.read.1.tlog
U:\tgei\ftmm-game-engine\ftmm-game-engine\Project01\Debug\CL-vsjitdebugger.write.1.tlog
U:\TGEI\FTMM-GAME-ENGINE\FTMM-GAME-ENGINE\PROJECT01\DEBUG\EVENT.OBJ
U:\TGEI\FTMM-GAME-ENGINE\FTMM-GAME-ENGINE\PROJECT01\DEBUG\EVENTHANDLER.OBJ
U:\TGEI\FTMM-GAME-ENGINE\FTMM-GAME-ENGINE\PROJECT01\DEBUG\GAMELOOP.OBJ
U:\TGEI\FTMM-GAME-ENGINE\FTMM-GAME-ENGINE\PROJECT01\DEBUG\INPUTMANAGER.OBJ
U:\TGEI\FTMM-GAME-ENGINE\FTMM-GAME-ENGINE\PROJECT01\DEBUG\LIGHT.OBJ
U:\tgei\ftmm-game-engine\ftmm-game-engine\Project01\Debug\link.command.1.tlog
U:\tgei\ftmm-game-engine\ftmm-game-engine\Project01\Debug\link.read.1.tlog
U:\tgei\ftmm-game-engine\ftmm-game-engine\Project01\Debug\link.write.1.tlog
U:\TGEI\FTMM-GAME-ENGINE\FTMM-GAME-ENGINE\PROJECT01\DEBUG\MAIN.OBJ
U:\TGEI\FTMM-GAME-ENGINE\FTMM-GAME-ENGINE\PROJECT01\DEBUG\MATH.OBJ
U:\TGEI\FTMM-GAME-ENGINE\FTMM-GAME-ENGINE\PROJECT01\DEBUG\MATRIX3.OBJ
U:\TGEI\FTMM-GAME-ENGINE\FTMM-GAME-ENGINE\PROJECT01\DEBUG\MATRIX4.OBJ
U:\TGEI\FTMM-GAME-ENGINE\FTMM-GAME-ENGINE\PROJECT01\DEBUG\MESH.OBJ
U:\tgei\ftmm-game-engine\ftmm-game-engine\Project01\Debug\mt.command.1.tlog
U:\tgei\ftmm-game-engine\ftmm-game-engine\Project01\Debug\mt.read.1.tlog
U:\tgei\ftmm-game-engine\ftmm-game-engine\Project01\Debug\mt.write.1.tlog
U:\TGEI\FTMM-GAME-ENGINE\FTMM-GAME-ENGINE\PROJECT01\DEBUG\PROJECT01.EXE.INTERMEDIATE.MANIFEST
U:\TGEI\FTMM-GAME-ENGINE\FTMM-GAME-ENGINE\PROJECT01\DEBUG\QUATERNION.OBJ
U:\TGEI\FTMM-GAME-ENGINE\FTMM-GAME-ENGINE\PROJECT01\DEBUG\ROOTTRANSFORMNODE.OBJ
U:\TGEI\FTMM-GAME-ENGINE\FTMM-GAME-ENGINE\PROJECT01\DEBUG\SCENEMANAGER.OBJ
U:\TGEI\FTMM-GAME-ENGINE\FTMM-GAME-ENGINE\PROJECT01\DEBUG\TRANSFORMNODE.OBJ
U:\TGEI\FTMM-GAME-ENGINE\FTMM-GAME-ENGINE\PROJECT01\DEBUG\TRIANGLE.OBJ
U:\TGEI\FTMM-GAME-ENGINE\FTMM-GAME-ENGINE\PROJECT01\DEBUG\UPDATABLELISTENER.OBJ
U:\tgei\ftmm-game-engine\ftmm-game-engine\Project01\Debug\vc100.idb
U:\TGEI\FTMM-GAME-ENGINE\FTMM-GAME-ENGINE\PROJECT01\DEBUG\VC100.PDB
U:\TGEI\FTMM-GAME-ENGINE\FTMM-GAME-ENGINE\PROJECT01\DEBUG\VECTOR2.OBJ
U:\TGEI\FTMM-GAME-ENGINE\FTMM-GAME-ENGINE\PROJECT01\DEBUG\VECTOR3.OBJ
U:\TGEI\FTMM-GAME-ENGINE\FTMM-GAME-ENGINE\PROJECT01\DEBUG\VECTOR4.OBJ
