Build started 08-11-2011 21:21:39.
     1>Project "C:\Documents and Settings\tgei\Desktop\proje ct\ftmm-game-engine\MainProject\Project01\Project01.vcxproj" on node 2 (build target(s)).
     1>InitializeBuildStatus:
         Touching "Debug\Project01.unsuccessfulbuild".
       ClCompile:
         C:\Program Files\Microsoft Visual Studio 10.0\VC\bin\CL.exe /c /I"..\Project01\SDL-1.2.14\include" /ZI /nologo /W3 /WX- /Od /Oy- /D _MBCS /Gm /EHsc /RTC1 /MD /GS /fp:precise /Zc:wchar_t /Zc:forScope /Fo"Debug\\" /Fd"Debug\vc100.pdb" /Gd /TP /analyze- /errorReport:prompt GameLoop.cpp Root.cpp SceneManager.cpp main.cpp
         GameLoop.cpp
         XXXXXXXXXXXXXXXXXXXXXXX Event included
         XXXXXXXXXXXXXXXXXXXXXXX EventHandler included
         XXXXXXXXXXXXXXXXXXXXXXX GameObject included
         XXXXXXXXXXXXXXXXXXXXXXX InputEvent included
         XXXXXXXXXXXXXXXXXXXXXXX InputWord included
         XXXXXXXXXXXXXXXXXXXXXXX CameraMovementInputEvent included
         XXXXXXXXXXXXXXXXXXXXXXX CameraMovementInputWord included
     1>c:\documents and settings\tgei\desktop\proje ct\ftmm-game-engine\mainproject\project01\cameramovementinputword.h(34): warning C4244: 'argument' : conversion from 'int' to 'float', possible loss of data
     1>c:\documents and settings\tgei\desktop\proje ct\ftmm-game-engine\mainproject\project01\cameramovementinputword.h(34): warning C4244: 'argument' : conversion from 'int' to 'float', possible loss of data
         XXXXXXXXXXXXXXXXXXXXXXX InputManager included
         XXXXXXXXXXXXXXXXXXXXXXX FrameListener included
         XXXXXXXXXXXXXXXXXXXXXXX Mesh included
         XXXXXXXXXXXXXXXXXXXXXXX Node included
         XXXXXXXXXXXXXXXXXXXXXXX Quaternion included
         XXXXXXXXXXXXXXXXXXXXXXX MovableObject included
         XXXXXXXXXXXXXXXXXXXXXXX TransformNode included
         XXXXXXXXXXXXXXXXXXXXXXX RootTransformNode included
         XXXXXXXXXXXXXXXXXXXXXXX Camera included
         XXXXXXXXXXXXXXXXXXXXXXX SceneManager included
         XXXXXXXXXXXXXXXXXXXXXXX GameStateManager included
         XXXXXXXXXXXXXXXXXXXXXXX IGameState included
         XXXXXXXXXXXXXXXXXXXXXXX Root included
     1>c:\documents and settings\tgei\desktop\proje ct\ftmm-game-engine\mainproject\project01\gameloop.cpp(62): warning C4018: '>' : signed/unsigned mismatch
         Generating Code...
         Compiling...
         main.cpp
         XXXXXXXXXXXXXXXXXXXXXXX Mesh included
         XXXXXXXXXXXXXXXXXXXXXXX Node included
         XXXXXXXXXXXXXXXXXXXXXXX Quaternion included
         XXXXXXXXXXXXXXXXXXXXXXX MovableObject included
         XXXXXXXXXXXXXXXXXXXXXXX TransformNode included
         XXXXXXXXXXXXXXXXXXXXXXX RootTransformNode included
         XXXXXXXXXXXXXXXXXXXXXXX Camera included
         XXXXXXXXXXXXXXXXXXXXXXX Event included
         XXXXXXXXXXXXXXXXXXXXXXX EventHandler included
         XXXXXXXXXXXXXXXXXXXXXXX GameObject included
         XXXXXXXXXXXXXXXXXXXXXXX InputEvent included
         XXXXXXXXXXXXXXXXXXXXXXX InputWord included
         XXXXXXXXXXXXXXXXXXXXXXX CameraMovementInputEvent included
         XXXXXXXXXXXXXXXXXXXXXXX CameraMovementInputWord included
     1>c:\documents and settings\tgei\desktop\proje ct\ftmm-game-engine\mainproject\project01\cameramovementinputword.h(34): warning C4244: 'argument' : conversion from 'int' to 'float', possible loss of data
     1>c:\documents and settings\tgei\desktop\proje ct\ftmm-game-engine\mainproject\project01\cameramovementinputword.h(34): warning C4244: 'argument' : conversion from 'int' to 'float', possible loss of data
         XXXXXXXXXXXXXXXXXXXXXXX InputManager included
         XXXXXXXXXXXXXXXXXXXXXXX FrameListener included
         XXXXXXXXXXXXXXXXXXXXXXX SceneManager included
         XXXXXXXXXXXXXXXXXXXXXXX GameStateManager included
         XXXXXXXXXXXXXXXXXXXXXXX IGameState included
         XXXXXXXXXXXXXXXXXXXXXXX Root included
         SceneManager.cpp
         XXXXXXXXXXXXXXXXXXXXXXX Mesh included
         XXXXXXXXXXXXXXXXXXXXXXX Node included
         XXXXXXXXXXXXXXXXXXXXXXX Quaternion included
         XXXXXXXXXXXXXXXXXXXXXXX MovableObject included
         XXXXXXXXXXXXXXXXXXXXXXX TransformNode included
         XXXXXXXXXXXXXXXXXXXXXXX RootTransformNode included
         XXXXXXXXXXXXXXXXXXXXXXX Camera included
         XXXXXXXXXXXXXXXXXXXXXXX Event included
         XXXXXXXXXXXXXXXXXXXXXXX EventHandler included
         XXXXXXXXXXXXXXXXXXXXXXX GameObject included
         XXXXXXXXXXXXXXXXXXXXXXX InputEvent included
         XXXXXXXXXXXXXXXXXXXXXXX InputWord included
         XXXXXXXXXXXXXXXXXXXXXXX CameraMovementInputEvent included
         XXXXXXXXXXXXXXXXXXXXXXX CameraMovementInputWord included
     1>c:\documents and settings\tgei\desktop\proje ct\ftmm-game-engine\mainproject\project01\cameramovementinputword.h(34): warning C4244: 'argument' : conversion from 'int' to 'float', possible loss of data
     1>c:\documents and settings\tgei\desktop\proje ct\ftmm-game-engine\mainproject\project01\cameramovementinputword.h(34): warning C4244: 'argument' : conversion from 'int' to 'float', possible loss of data
         XXXXXXXXXXXXXXXXXXXXXXX InputManager included
         XXXXXXXXXXXXXXXXXXXXXXX FrameListener included
         XXXXXXXXXXXXXXXXXXXXXXX SceneManager included
         XXXXXXXXXXXXXXXXXXXXXXX GameStateManager included
         XXXXXXXXXXXXXXXXXXXXXXX IGameState included
         XXXXXXXXXXXXXXXXXXXXXXX Root included
     1>c:\documents and settings\tgei\desktop\proje ct\ftmm-game-engine\mainproject\project01\scenemanager.cpp(61): warning C4305: 'argument' : truncation from 'double' to 'float'
     1>c:\documents and settings\tgei\desktop\proje ct\ftmm-game-engine\mainproject\project01\scenemanager.cpp(62): warning C4305: 'argument' : truncation from 'double' to 'float'
     1>c:\documents and settings\tgei\desktop\proje ct\ftmm-game-engine\mainproject\project01\scenemanager.cpp(65): warning C4305: 'argument' : truncation from 'double' to 'float'
     1>c:\documents and settings\tgei\desktop\proje ct\ftmm-game-engine\mainproject\project01\scenemanager.cpp(215): warning C4305: 'argument' : truncation from 'double' to 'float'
     1>c:\documents and settings\tgei\desktop\proje ct\ftmm-game-engine\mainproject\project01\scenemanager.cpp(216): warning C4305: 'argument' : truncation from 'double' to 'float'
     1>c:\documents and settings\tgei\desktop\proje ct\ftmm-game-engine\mainproject\project01\scenemanager.cpp(217): warning C4305: 'argument' : truncation from 'double' to 'float'
     1>c:\documents and settings\tgei\desktop\proje ct\ftmm-game-engine\mainproject\project01\scenemanager.cpp(218): warning C4305: 'argument' : truncation from 'double' to 'float'
     1>c:\documents and settings\tgei\desktop\proje ct\ftmm-game-engine\mainproject\project01\scenemanager.cpp(94): warning C4101: 'event' : unreferenced local variable
         Root.cpp
         XXXXXXXXXXXXXXXXXXXXXXX Mesh included
         XXXXXXXXXXXXXXXXXXXXXXX Node included
         XXXXXXXXXXXXXXXXXXXXXXX Quaternion included
         XXXXXXXXXXXXXXXXXXXXXXX MovableObject included
         XXXXXXXXXXXXXXXXXXXXXXX TransformNode included
         XXXXXXXXXXXXXXXXXXXXXXX RootTransformNode included
         XXXXXXXXXXXXXXXXXXXXXXX Camera included
         XXXXXXXXXXXXXXXXXXXXXXX Event included
         XXXXXXXXXXXXXXXXXXXXXXX EventHandler included
         XXXXXXXXXXXXXXXXXXXXXXX GameObject included
         XXXXXXXXXXXXXXXXXXXXXXX InputEvent included
         XXXXXXXXXXXXXXXXXXXXXXX InputWord included
         XXXXXXXXXXXXXXXXXXXXXXX CameraMovementInputEvent included
         XXXXXXXXXXXXXXXXXXXXXXX CameraMovementInputWord included
     1>c:\documents and settings\tgei\desktop\proje ct\ftmm-game-engine\mainproject\project01\cameramovementinputword.h(34): warning C4244: 'argument' : conversion from 'int' to 'float', possible loss of data
     1>c:\documents and settings\tgei\desktop\proje ct\ftmm-game-engine\mainproject\project01\cameramovementinputword.h(34): warning C4244: 'argument' : conversion from 'int' to 'float', possible loss of data
         XXXXXXXXXXXXXXXXXXXXXXX InputManager included
         XXXXXXXXXXXXXXXXXXXXXXX FrameListener included
         XXXXXXXXXXXXXXXXXXXXXXX SceneManager included
         XXXXXXXXXXXXXXXXXXXXXXX GameStateManager included
         XXXXXXXXXXXXXXXXXXXXXXX IGameState included
         XXXXXXXXXXXXXXXXXXXXXXX Root included
         Generating Code...
     1>c:\documents and settings\tgei\desktop\proje ct\ftmm-game-engine\mainproject\project01\scenemanager.cpp(235): warning C4715: 'SceneManager::initializeEngine' : not all control paths return a value
     1>c:\documents and settings\tgei\desktop\proje ct\ftmm-game-engine\mainproject\project01\main.cpp(44): warning C4715: 'SDL_main' : not all control paths return a value
       Link:
         C:\Program Files\Microsoft Visual Studio 10.0\VC\bin\link.exe /ERRORREPORT:PROMPT /OUT:"C:\Documents and Settings\tgei\Desktop\proje ct\ftmm-game-engine\MainProject\Debug\Project01.exe" /NOLOGO /LIBPATH:"..\Project01\SDL-1.2.14\lib" SDL.lib SDLmain.lib opengl32.lib glu32.lib sdl.lib sdlmain.lib kernel32.lib user32.lib gdi32.lib winspool.lib comdlg32.lib advapi32.lib shell32.lib ole32.lib oleaut32.lib uuid.lib odbc32.lib odbccp32.lib /MANIFEST /ManifestFile:"Debug\Project01.exe.intermediate.manifest" /MANIFESTUAC:"level='asInvoker' uiAccess='false'" /DEBUG /PDB:"C:\Documents and Settings\tgei\Desktop\proje ct\ftmm-game-engine\MainProject\Debug\Project01.pdb" /SUBSYSTEM:CONSOLE /TLBID:1 /DYNAMICBASE /NXCOMPAT /IMPLIB:"C:\Documents and Settings\tgei\Desktop\proje ct\ftmm-game-engine\MainProject\Debug\Project01.lib" /MACHINE:X86 Debug\CubeObjectTest.obj
         Debug\A.obj
         Debug\Camera.obj
         Debug\Event.obj
         Debug\EventHandler.obj
         Debug\FrameListener.obj
         Debug\GameLoop.obj
         Debug\GamePlay_01.obj
         Debug\GameStateManager.obj
         Debug\InputManager.obj
         Debug\Light.obj
         Debug\main.obj
         Debug\Math.obj
         Debug\Matrix3.obj
         Debug\Matrix4.obj
         Debug\Mesh.obj
         Debug\Quaternion.obj
         Debug\RootTransformNode.obj
         Debug\SceneManager.obj
         Debug\Root.obj
         Debug\TransformNode.obj
         Debug\Triangle.obj
         Debug\Vector2.obj
         Debug\Vector3.obj
         Debug\Vector4.obj
         LINK : C:\Documents and Settings\tgei\Desktop\proje ct\ftmm-game-engine\MainProject\Debug\Project01.exe not found or not built by the last incremental link; performing full link
     1>Vector4.obj : warning LNK4099: PDB 'vc100.pdb' was not found with 'Vector4.obj' or at 'C:\Documents and Settings\tgei\Desktop\proje ct\ftmm-game-engine\MainProject\Debug\vc100.pdb'; linking object as if no debug info
     1>Vector3.obj : warning LNK4099: PDB 'vc100.pdb' was not found with 'Vector3.obj' or at 'C:\Documents and Settings\tgei\Desktop\proje ct\ftmm-game-engine\MainProject\Debug\vc100.pdb'; linking object as if no debug info
     1>Vector2.obj : warning LNK4099: PDB 'vc100.pdb' was not found with 'Vector2.obj' or at 'C:\Documents and Settings\tgei\Desktop\proje ct\ftmm-game-engine\MainProject\Debug\vc100.pdb'; linking object as if no debug info
     1>Triangle.obj : warning LNK4099: PDB 'vc100.pdb' was not found with 'Triangle.obj' or at 'C:\Documents and Settings\tgei\Desktop\proje ct\ftmm-game-engine\MainProject\Debug\vc100.pdb'; linking object as if no debug info
     1>RootTransformNode.obj : warning LNK4099: PDB 'vc100.pdb' was not found with 'RootTransformNode.obj' or at 'C:\Documents and Settings\tgei\Desktop\proje ct\ftmm-game-engine\MainProject\Debug\vc100.pdb'; linking object as if no debug info
     1>Quaternion.obj : warning LNK4099: PDB 'vc100.pdb' was not found with 'Quaternion.obj' or at 'C:\Documents and Settings\tgei\Desktop\proje ct\ftmm-game-engine\MainProject\Debug\vc100.pdb'; linking object as if no debug info
     1>Mesh.obj : warning LNK4099: PDB 'vc100.pdb' was not found with 'Mesh.obj' or at 'C:\Documents and Settings\tgei\Desktop\proje ct\ftmm-game-engine\MainProject\Debug\vc100.pdb'; linking object as if no debug info
     1>Matrix4.obj : warning LNK4099: PDB 'vc100.pdb' was not found with 'Matrix4.obj' or at 'C:\Documents and Settings\tgei\Desktop\proje ct\ftmm-game-engine\MainProject\Debug\vc100.pdb'; linking object as if no debug info
     1>Matrix3.obj : warning LNK4099: PDB 'vc100.pdb' was not found with 'Matrix3.obj' or at 'C:\Documents and Settings\tgei\Desktop\proje ct\ftmm-game-engine\MainProject\Debug\vc100.pdb'; linking object as if no debug info
     1>Math.obj : warning LNK4099: PDB 'vc100.pdb' was not found with 'Math.obj' or at 'C:\Documents and Settings\tgei\Desktop\proje ct\ftmm-game-engine\MainProject\Debug\vc100.pdb'; linking object as if no debug info
     1>Light.obj : warning LNK4099: PDB 'vc100.pdb' was not found with 'Light.obj' or at 'C:\Documents and Settings\tgei\Desktop\proje ct\ftmm-game-engine\MainProject\Debug\vc100.pdb'; linking object as if no debug info
     1>EventHandler.obj : warning LNK4099: PDB 'vc100.pdb' was not found with 'EventHandler.obj' or at 'C:\Documents and Settings\tgei\Desktop\proje ct\ftmm-game-engine\MainProject\Debug\vc100.pdb'; linking object as if no debug info
     1>Event.obj : warning LNK4099: PDB 'vc100.pdb' was not found with 'Event.obj' or at 'C:\Documents and Settings\tgei\Desktop\proje ct\ftmm-game-engine\MainProject\Debug\vc100.pdb'; linking object as if no debug info
     1>Camera.obj : warning LNK4099: PDB 'vc100.pdb' was not found with 'Camera.obj' or at 'C:\Documents and Settings\tgei\Desktop\proje ct\ftmm-game-engine\MainProject\Debug\vc100.pdb'; linking object as if no debug info
     1>A.obj : warning LNK4099: PDB 'vc100.pdb' was not found with 'A.obj' or at 'C:\Documents and Settings\tgei\Desktop\proje ct\ftmm-game-engine\MainProject\Debug\vc100.pdb'; linking object as if no debug info
         Project01.vcxproj -> C:\Documents and Settings\tgei\Desktop\proje ct\ftmm-game-engine\MainProject\Debug\Project01.exe
       Manifest:
         C:\Program Files\Microsoft SDKs\Windows\v7.0A\bin\mt.exe /nologo /verbose /outputresource:"C:\Documents and Settings\tgei\Desktop\proje ct\ftmm-game-engine\MainProject\Debug\Project01.exe;#1" /manifest Debug\Project01.exe.intermediate.manifest
       FinalizeBuildStatus:
         Deleting file "Debug\Project01.unsuccessfulbuild".
         Touching "Debug\Project01.lastbuildstate".
     1>Done Building Project "C:\Documents and Settings\tgei\Desktop\proje ct\ftmm-game-engine\MainProject\Project01\Project01.vcxproj" (build target(s)).

Build succeeded.

Time Elapsed 00:00:05.54
